<?xml version="1.0" encoding="UTF-8"?>
<!-- Generated by org.testng.reporters.JUnitXMLReporter -->
<testsuite ignored="1" hostname="Aara" failures="1" tests="2" name="Test" time="10.524" errors="0" timestamp="2022-12-27T22:02:37 GMT">
  <testcase classname="testCase.TC_001_AccountRegistrationTest" name="test_Account_Registration" time="3.993"/>
  <testcase classname="testCase.TC_002_LoginTest" name="test_Login" time="0.932">
    <failure type="java.lang.AssertionError" message="null">
      <![CDATA[java.lang.AssertionError: null
at testCase.TC_002_LoginTest.test_Login(TC_002_LoginTest.java:39)
at java.base/java.util.ArrayList.forEach(ArrayList.java:1511)
... Removed 29 stack frames]]>
    </failure>
  </testcase> <!-- test_Login -->
  <testcase classname="testCase.TC_002_LoginDataDrivenTest" name="test_LoginDDT" time="0.0">
    <ignored/>
  </testcase> <!-- test_LoginDDT -->
</testsuite> <!-- Test -->
