<?xml version="1.0" encoding="UTF-8"?>
<testng-results ignored="0" total="2" passed="2" failed="0" skipped="0">
  <reporter-output>
  </reporter-output>
  <suite started-at="2022-12-28T23:56:52 GMT" name="Suite" finished-at="2022-12-28T23:57:03 GMT" duration-ms="10591">
    <groups>
      <group name="Master">
        <method signature="TC_001_AccountRegistrationTest.test_Account_Registration()[pri:0, instance:testCase.TC_001_AccountRegistrationTest@a514af7]" name="test_Account_Registration" class="testCase.TC_001_AccountRegistrationTest"/>
        <method signature="TC_002_LoginTest.test_Login()[pri:0, instance:testCase.TC_002_LoginTest@6379eb]" name="test_Login" class="testCase.TC_002_LoginTest"/>
      </group> <!-- Master -->
      <group name="Sanity">
        <method signature="TC_002_LoginTest.test_Login()[pri:0, instance:testCase.TC_002_LoginTest@6379eb]" name="test_Login" class="testCase.TC_002_LoginTest"/>
      </group> <!-- Sanity -->
      <group name="Regression">
        <method signature="TC_001_AccountRegistrationTest.test_Account_Registration()[pri:0, instance:testCase.TC_001_AccountRegistrationTest@a514af7]" name="test_Account_Registration" class="testCase.TC_001_AccountRegistrationTest"/>
      </group> <!-- Regression -->
    </groups>
    <test started-at="2022-12-28T23:56:52 GMT" name="Test" finished-at="2022-12-28T23:57:03 GMT" duration-ms="10591">
      <class name="testCase.TC_001_AccountRegistrationTest">
        <test-method is-config="true" signature="setup(java.lang.String)[pri:0, instance:testCase.TC_001_AccountRegistrationTest@a514af7]" started-at="2022-12-28T23:56:53 GMT" name="setup" finished-at="2022-12-28T23:56:56 GMT" duration-ms="3731" status="PASS">
          <params>
            <param index="0">
              <value>
                <![CDATA[chrome]]>
              </value>
            </param>
          </params>
          <reporter-output>
          </reporter-output>
        </test-method> <!-- setup -->
        <test-method signature="test_Account_Registration()[pri:0, instance:testCase.TC_001_AccountRegistrationTest@a514af7]" started-at="2022-12-28T23:56:56 GMT" name="test_Account_Registration" finished-at="2022-12-28T23:57:00 GMT" duration-ms="3709" status="PASS">
          <reporter-output>
          </reporter-output>
        </test-method> <!-- test_Account_Registration -->
        <test-method is-config="true" signature="tearDown()[pri:0, instance:testCase.TC_001_AccountRegistrationTest@a514af7]" started-at="2022-12-28T23:57:00 GMT" name="tearDown" finished-at="2022-12-28T23:57:00 GMT" duration-ms="130" status="PASS">
          <reporter-output>
          </reporter-output>
        </test-method> <!-- tearDown -->
      </class> <!-- testCase.TC_001_AccountRegistrationTest -->
      <class name="testCase.TC_002_LoginTest">
        <test-method is-config="true" signature="setup(java.lang.String)[pri:0, instance:testCase.TC_002_LoginTest@6379eb]" started-at="2022-12-28T23:57:00 GMT" name="setup" finished-at="2022-12-28T23:57:01 GMT" duration-ms="1311" status="PASS">
          <params>
            <param index="0">
              <value>
                <![CDATA[chrome]]>
              </value>
            </param>
          </params>
          <reporter-output>
          </reporter-output>
        </test-method> <!-- setup -->
        <test-method signature="test_Login()[pri:0, instance:testCase.TC_002_LoginTest@6379eb]" started-at="2022-12-28T23:57:01 GMT" name="test_Login" finished-at="2022-12-28T23:57:03 GMT" duration-ms="1236" status="PASS">
          <reporter-output>
          </reporter-output>
        </test-method> <!-- test_Login -->
        <test-method is-config="true" signature="tearDown()[pri:0, instance:testCase.TC_002_LoginTest@6379eb]" started-at="2022-12-28T23:57:03 GMT" name="tearDown" finished-at="2022-12-28T23:57:03 GMT" duration-ms="179" status="PASS">
          <reporter-output>
          </reporter-output>
        </test-method> <!-- tearDown -->
      </class> <!-- testCase.TC_002_LoginTest -->
    </test> <!-- Test -->
  </suite> <!-- Suite -->
</testng-results>
