<?xml version="1.0" encoding="UTF-8"?>
<testng-results ignored="0" total="1" passed="1" failed="0" skipped="0">
  <reporter-output>
  </reporter-output>
  <suite started-at="2022-12-27T22:03:26 GMT" name="Failed suite [Suite]" finished-at="2022-12-27T22:03:31 GMT" duration-ms="5033">
    <groups>
      <group name="Master">
        <method signature="TC_002_LoginTest.test_Login()[pri:0, instance:testCase.TC_002_LoginTest@46cdf8bd]" name="test_Login" class="testCase.TC_002_LoginTest"/>
      </group> <!-- Master -->
      <group name="Sanity">
        <method signature="TC_002_LoginTest.test_Login()[pri:0, instance:testCase.TC_002_LoginTest@46cdf8bd]" name="test_Login" class="testCase.TC_002_LoginTest"/>
      </group> <!-- Sanity -->
    </groups>
    <test started-at="2022-12-27T22:03:26 GMT" name="Test(failed)" finished-at="2022-12-27T22:03:31 GMT" duration-ms="5033">
      <class name="testCase.TC_002_LoginTest">
        <test-method is-config="true" signature="setup(java.lang.String)[pri:0, instance:testCase.TC_002_LoginTest@46cdf8bd]" started-at="2022-12-27T22:03:26 GMT" name="setup" finished-at="2022-12-27T22:03:29 GMT" duration-ms="3038" status="PASS">
          <params>
            <param index="0">
              <value>
                <![CDATA[chrome]]>
              </value>
            </param>
          </params>
          <reporter-output>
          </reporter-output>
        </test-method> <!-- setup -->
        <test-method signature="test_Login()[pri:0, instance:testCase.TC_002_LoginTest@46cdf8bd]" started-at="2022-12-27T22:03:29 GMT" name="test_Login" finished-at="2022-12-27T22:03:31 GMT" duration-ms="1544" status="PASS">
          <reporter-output>
          </reporter-output>
        </test-method> <!-- test_Login -->
        <test-method is-config="true" signature="tearDown()[pri:0, instance:testCase.TC_002_LoginTest@46cdf8bd]" started-at="2022-12-27T22:03:31 GMT" name="tearDown" finished-at="2022-12-27T22:03:31 GMT" duration-ms="193" status="PASS">
          <reporter-output>
          </reporter-output>
        </test-method> <!-- tearDown -->
      </class> <!-- testCase.TC_002_LoginTest -->
    </test> <!-- Test(failed) -->
  </suite> <!-- Failed suite [Suite] -->
</testng-results>
